<?xml version="1.0" encoding="UTF-8"?>
<testng-results ignored="0" total="3" passed="2" failed="1" skipped="0">
  <reporter-output>
  </reporter-output>
  <suite started-at="2022-11-28T11:09:26 IST" name="Suite" finished-at="2022-11-28T11:11:05 IST" duration-ms="99142">
    <groups>
    </groups>
    <test started-at="2022-11-28T11:09:26 IST" name="Test" finished-at="2022-11-28T11:11:05 IST" duration-ms="99142">
      <class name="Com.internetbaning.TestCases.TC_AccountCreation_003">
        <test-method is-config="true" signature="initialization(java.lang.String)[pri:0, instance:Com.internetbaning.TestCases.TC_AccountCreation_003@1bb266b3]" started-at="2022-11-28T11:10:31 IST" name="initialization" finished-at="2022-11-28T11:10:43 IST" duration-ms="11238" status="PASS">
          <params>
            <param index="0">
              <value>
                <![CDATA[chrome]]>
              </value>
            </param>
          </params>
          <reporter-output>
          </reporter-output>
        </test-method> <!-- initialization -->
        <test-method signature="AddNewAccount()[pri:0, instance:Com.internetbaning.TestCases.TC_AccountCreation_003@1bb266b3]" started-at="2022-11-28T11:10:43 IST" name="AddNewAccount" finished-at="2022-11-28T11:11:02 IST" duration-ms="19523" status="PASS">
          <reporter-output>
          </reporter-output>
        </test-method> <!-- AddNewAccount -->
        <test-method is-config="true" signature="tearDown()[pri:0, instance:Com.internetbaning.TestCases.TC_AccountCreation_003@1bb266b3]" started-at="2022-11-28T11:11:02 IST" name="tearDown" finished-at="2022-11-28T11:11:05 IST" duration-ms="3117" status="PASS">
          <reporter-output>
          </reporter-output>
        </test-method> <!-- tearDown -->
      </class> <!-- Com.internetbaning.TestCases.TC_AccountCreation_003 -->
      <class name="Com.internetbaning.TestCases.LoginPageTest">
        <test-method is-config="true" signature="initialization(java.lang.String)[pri:0, instance:Com.internetbaning.TestCases.LoginPageTest@4e268090]" started-at="2022-11-28T11:10:10 IST" name="initialization" finished-at="2022-11-28T11:10:19 IST" duration-ms="9653" status="PASS">
          <params>
            <param index="0">
              <value>
                <![CDATA[chrome]]>
              </value>
            </param>
          </params>
          <reporter-output>
          </reporter-output>
        </test-method> <!-- initialization -->
        <test-method signature="LoginTest()[pri:0, instance:Com.internetbaning.TestCases.LoginPageTest@4e268090]" started-at="2022-11-28T11:10:19 IST" name="LoginTest" finished-at="2022-11-28T11:10:28 IST" duration-ms="8410" status="FAIL">
          <exception class="java.lang.AssertionError">
            <message>
              <![CDATA[expected [true] but found [false]]]>
            </message>
            <full-stacktrace>
              <![CDATA[java.lang.AssertionError: expected [true] but found [false]
at org.testng.Assert.fail(Assert.java:99)
at org.testng.Assert.failNotEquals(Assert.java:1037)
at org.testng.Assert.assertTrue(Assert.java:45)
at org.testng.Assert.assertTrue(Assert.java:55)
at Com.internetbaning.TestCases.LoginPageTest.LoginTest(LoginPageTest.java:42)
at java.base/jdk.internal.reflect.DirectMethodHandleAccessor.invoke(DirectMethodHandleAccessor.java:104)
at java.base/java.lang.reflect.Method.invoke(Method.java:577)
at org.testng.internal.MethodInvocationHelper.invokeMethod(MethodInvocationHelper.java:133)
at org.testng.internal.TestInvoker.invokeMethod(TestInvoker.java:598)
at org.testng.internal.TestInvoker.invokeTestMethod(TestInvoker.java:173)
at org.testng.internal.MethodRunner.runInSequence(MethodRunner.java:46)
at org.testng.internal.TestInvoker$MethodInvocationAgent.invoke(TestInvoker.java:824)
at org.testng.internal.TestInvoker.invokeTestMethods(TestInvoker.java:146)
at org.testng.internal.TestMethodWorker.invokeTestMethods(TestMethodWorker.java:146)
at org.testng.internal.TestMethodWorker.run(TestMethodWorker.java:128)
at java.base/java.util.ArrayList.forEach(ArrayList.java:1511)
at org.testng.TestRunner.privateRun(TestRunner.java:794)
at org.testng.TestRunner.run(TestRunner.java:596)
at org.testng.SuiteRunner.runTest(SuiteRunner.java:377)
at org.testng.SuiteRunner.runSequentially(SuiteRunner.java:371)
at org.testng.SuiteRunner.privateRun(SuiteRunner.java:332)
at org.testng.SuiteRunner.run(SuiteRunner.java:276)
at org.testng.SuiteRunnerWorker.runSuite(SuiteRunnerWorker.java:53)
at org.testng.SuiteRunnerWorker.run(SuiteRunnerWorker.java:96)
at org.testng.TestNG.runSuitesSequentially(TestNG.java:1212)
at org.testng.TestNG.runSuitesLocally(TestNG.java:1134)
at org.testng.TestNG.runSuites(TestNG.java:1063)
at org.testng.TestNG.run(TestNG.java:1031)
at org.testng.remote.AbstractRemoteTestNG.run(AbstractRemoteTestNG.java:115)
at org.testng.remote.RemoteTestNG.initAndRun(RemoteTestNG.java:251)
at org.testng.remote.RemoteTestNG.main(RemoteTestNG.java:77)
]]>
            </full-stacktrace>
          </exception> <!-- java.lang.AssertionError -->
          <reporter-output>
          </reporter-output>
        </test-method> <!-- LoginTest -->
        <test-method is-config="true" signature="tearDown()[pri:0, instance:Com.internetbaning.TestCases.LoginPageTest@4e268090]" started-at="2022-11-28T11:10:28 IST" name="tearDown" finished-at="2022-11-28T11:10:31 IST" duration-ms="3122" status="PASS">
          <reporter-output>
          </reporter-output>
        </test-method> <!-- tearDown -->
      </class> <!-- Com.internetbaning.TestCases.LoginPageTest -->
      <class name="Com.internetbaning.TestCases.NewCutomerTest">
        <test-method is-config="true" signature="initialization(java.lang.String)[pri:0, instance:Com.internetbaning.TestCases.NewCutomerTest@11c9af63]" started-at="2022-11-28T11:09:26 IST" name="initialization" finished-at="2022-11-28T11:09:37 IST" duration-ms="11222" status="PASS">
          <params>
            <param index="0">
              <value>
                <![CDATA[chrome]]>
              </value>
            </param>
          </params>
          <reporter-output>
          </reporter-output>
        </test-method> <!-- initialization -->
        <test-method signature="AddnewCutomer()[pri:0, instance:Com.internetbaning.TestCases.NewCutomerTest@11c9af63]" started-at="2022-11-28T11:09:37 IST" name="AddnewCutomer" finished-at="2022-11-28T11:10:07 IST" duration-ms="29224" status="PASS">
          <reporter-output>
          </reporter-output>
        </test-method> <!-- AddnewCutomer -->
        <test-method is-config="true" signature="tearDown()[pri:0, instance:Com.internetbaning.TestCases.NewCutomerTest@11c9af63]" started-at="2022-11-28T11:10:07 IST" name="tearDown" finished-at="2022-11-28T11:10:10 IST" duration-ms="3148" status="PASS">
          <reporter-output>
          </reporter-output>
        </test-method> <!-- tearDown -->
      </class> <!-- Com.internetbaning.TestCases.NewCutomerTest -->
    </test> <!-- Test -->
  </suite> <!-- Suite -->
</testng-results>
